C51 COMPILER V9.60.0.0   DESCRIPTOR                                                        05/23/2024 02:32:21 PAGE 1   


C51 COMPILER V9.60.0.0, COMPILATION OF MODULE DESCRIPTOR
OBJECT MODULE PLACED IN .\src\descriptor.OBJ
COMPILER INVOKED BY: C:\SiliconLabs\SimplicityStudio\v5\developer\toolchains\keil_8051\9.60\BIN\C51.exe C:\Users\konra\S
                    -implicityStudio\v5_workspace\USBXpressVoltmeter\src\descriptor.c OMF2 SMALL DEBUG OBJECTEXTEND ROM(LARGE) WARNINGLEVEL(2
                    -) FLOATFUZZY(3) OPTIMIZE(9,SPEED) DEFINE(NDEBUG=1) INTVECTOR(0X0000) INTPROMOTE INCDIR(C:\Users\konra\SimplicityStudio\v
                    -5_workspace\USBXpressVoltmeter\src;C:/SiliconLabs/SimplicityStudio/v5/developer/sdks/8051/v4.3.1//examples/C8051F320DK/U
                    -SB/USBXpress/C8051F320_USBXpress_Echo/src;C:/SiliconLabs/SimplicityStudio/v5/developer/sdks/8051/v4.3.1//Lib/USBXpress;C
                    -:/SiliconLabs/SimplicityStudio/v5/developer/sdks/8051/v4.3.1//Device/shared/si8051Base;C:/SiliconLabs/SimplicityStudio/v
                    -5/developer/sdks/8051/v4.3.1//Device/C8051F320/inc) REGFILE(USBXpressVoltmeter.ORC) PRINT(.\src\descriptor.lst) COND PAG
                    -EWIDTH(120) PAGELENGTH(65) OBJECT(.\src\descriptor.OBJ)

line level    source

   1          /*
   2           * descriptor.c
   3           *
   4           *  Descriptor information to pass to USB_Init()
   5           *
   6           */
   7          
   8          #include "descriptor.h"
   9          
  10          /*** [BEGIN] USB Descriptor Information [BEGIN] ***/
  11          
  12          #define MFR_STRING          "Konrad Suchodolski"    /// Manufacturer String
  13          #define PROD_STRING         "USBXpress Voltmeter"  /// Product String
  14          #define SERIAL_STRING       "0009"            /// Serial String
  15          
  16          USBX_STRING_DESC(USB_MfrStr[], MFR_STRING);
  17          USBX_STRING_DESC(USB_ProductStr[], PROD_STRING);
  18          USBX_STRING_DESC(USB_SerialStr[], SERIAL_STRING);
  19          
  20          
  21          const USBX_Init_t initStruct =
  22          {
  23             0x10C4,                 // Vendor ID
  24             0xEA61,                 // Product ID
  25             USB_MfrStr,             // Pointer to Manufacturer String
  26             USB_ProductStr,         // Pointer to Product String
  27             USB_SerialStr,          // Pointer to Serial String
  28             32,                     // Max Power / 2
  29             0x80,                   // Power Attribute
  30             0x0100,                 // Device Release # (BCD format)
  31             false                   // Use USB FIFO space true
  32          };


MODULE INFORMATION:   STATIC OVERLAYABLE
   CODE SIZE        =   ----    ----
   CONSTANT SIZE    =     53    ----
   XDATA SIZE       =   ----    ----
   PDATA SIZE       =   ----    ----
   DATA SIZE        =     18    ----
   IDATA SIZE       =   ----    ----
   BIT SIZE         =   ----    ----
   EDATA SIZE       =   ----    ----
   HDATA SIZE       =   ----    ----
   XDATA CONST SIZE =   ----    ----
   FAR CONST SIZE   =   ----    ----
END OF MODULE INFORMATION.


C51 COMPILATION COMPLETE.  0 WARNING(S),  0 ERROR(S)
